[2025-10-03T15:57:37.350+0000] {local_task_job_runner.py:120} INFO - ::group::Pre task execution logs
[2025-10-03T15:57:37.385+0000] {taskinstance.py:2076} INFO - Dependencies all met for dep_context=non-requeueable deps ti=<TaskInstance: dbt_dag.dbt_run_staging scheduled__2025-10-02T00:00:00+00:00 [queued]>
[2025-10-03T15:57:37.396+0000] {taskinstance.py:2076} INFO - Dependencies all met for dep_context=requeueable deps ti=<TaskInstance: dbt_dag.dbt_run_staging scheduled__2025-10-02T00:00:00+00:00 [queued]>
[2025-10-03T15:57:37.398+0000] {taskinstance.py:2306} INFO - Starting attempt 2 of 2
[2025-10-03T15:57:37.418+0000] {taskinstance.py:2330} INFO - Executing <Task(BashOperator): dbt_run_staging> on 2025-10-02 00:00:00+00:00
[2025-10-03T15:57:37.429+0000] {warnings.py:112} WARNING - /home/***/.local/lib/python3.12/site-packages/***/task/task_runner/standard_task_runner.py:62: DeprecationWarning: This process (pid=368) is multi-threaded, use of fork() may lead to deadlocks in the child.
  pid = os.fork()

[2025-10-03T15:57:37.432+0000] {standard_task_runner.py:64} INFO - Started process 370 to run task
[2025-10-03T15:57:37.431+0000] {standard_task_runner.py:90} INFO - Running: ['***', 'tasks', 'run', 'dbt_dag', 'dbt_run_staging', 'scheduled__2025-10-02T00:00:00+00:00', '--job-id', '60', '--raw', '--subdir', 'DAGS_FOLDER/dbt_dag.py', '--cfg-path', '/tmp/tmpjxi5bf8_']
[2025-10-03T15:57:37.436+0000] {standard_task_runner.py:91} INFO - Job 60: Subtask dbt_run_staging
[2025-10-03T15:57:37.516+0000] {task_command.py:426} INFO - Running <TaskInstance: dbt_dag.dbt_run_staging scheduled__2025-10-02T00:00:00+00:00 [running]> on host 88331542f089
[2025-10-03T15:57:37.645+0000] {taskinstance.py:2648} INFO - Exporting env vars: AIRFLOW_CTX_DAG_OWNER='***' AIRFLOW_CTX_DAG_ID='dbt_dag' AIRFLOW_CTX_TASK_ID='dbt_run_staging' AIRFLOW_CTX_EXECUTION_DATE='2025-10-02T00:00:00+00:00' AIRFLOW_CTX_TRY_NUMBER='2' AIRFLOW_CTX_DAG_RUN_ID='scheduled__2025-10-02T00:00:00+00:00'
[2025-10-03T15:57:37.647+0000] {taskinstance.py:430} INFO - ::endgroup::
[2025-10-03T15:57:37.649+0000] {subprocess.py:63} INFO - Tmp dir root location: /tmp
[2025-10-03T15:57:37.650+0000] {subprocess.py:75} INFO - Running command: ['/usr/bin/bash', '-c', 'cd /opt/***/dbt && DBT_PROFILES_DIR=/opt/***/dbt dbt run --models staging']
[2025-10-03T15:57:37.669+0000] {subprocess.py:86} INFO - Output:
[2025-10-03T15:57:41.646+0000] {subprocess.py:93} INFO - [0m15:57:41  Running with dbt=1.10.13
[2025-10-03T15:57:41.652+0000] {subprocess.py:93} INFO - [0m15:57:41  [[33mWARNING[0m]: Deprecated functionality
[2025-10-03T15:57:41.653+0000] {subprocess.py:93} INFO - Usage of `--models`, `--model`, and `-m` is deprecated in favor of `--select` or
[2025-10-03T15:57:41.653+0000] {subprocess.py:93} INFO - `-s`.
[2025-10-03T15:57:42.188+0000] {subprocess.py:93} INFO - [0m15:57:42  Registered adapter: postgres=1.9.1
[2025-10-03T15:57:42.895+0000] {subprocess.py:93} INFO - [0m15:57:42  Unable to do partial parsing because config vars, config profile, or config target have changed
[2025-10-03T15:57:47.114+0000] {subprocess.py:93} INFO - [0m15:57:47  Found 4 models, 2 data tests, 1 source, 447 macros
[2025-10-03T15:57:47.118+0000] {subprocess.py:93} INFO - [0m15:57:47
[2025-10-03T15:57:47.120+0000] {subprocess.py:93} INFO - [0m15:57:47  Concurrency: 1 threads (target='dev')
[2025-10-03T15:57:47.122+0000] {subprocess.py:93} INFO - [0m15:57:47
[2025-10-03T15:57:47.294+0000] {subprocess.py:93} INFO - [0m15:57:47  1 of 1 START sql view model public.stg_appointments ............................ [RUN]
[2025-10-03T15:57:47.412+0000] {subprocess.py:93} INFO - [0m15:57:47  1 of 1 ERROR creating sql view model public.stg_appointments ................... [[31mERROR[0m in 0.11s]
[2025-10-03T15:57:47.444+0000] {subprocess.py:93} INFO - [0m15:57:47
[2025-10-03T15:57:47.445+0000] {subprocess.py:93} INFO - [0m15:57:47  Finished running 1 view model in 0 hours 0 minutes and 0.32 seconds (0.32s).
[2025-10-03T15:57:47.531+0000] {subprocess.py:93} INFO - [0m15:57:47
[2025-10-03T15:57:47.532+0000] {subprocess.py:93} INFO - [0m15:57:47  [31mCompleted with 1 error, 0 partial successes, and 0 warnings:[0m
[2025-10-03T15:57:47.534+0000] {subprocess.py:93} INFO - [0m15:57:47
[2025-10-03T15:57:47.536+0000] {subprocess.py:93} INFO - [0m15:57:47  [31mFailure in model stg_appointments (models/staging/stg_appointments.sql)[0m
[2025-10-03T15:57:47.537+0000] {subprocess.py:93} INFO - [0m15:57:47    Database Error in model stg_appointments (models/staging/stg_appointments.sql)
[2025-10-03T15:57:47.538+0000] {subprocess.py:93} INFO -   relation "public.appointments_clean" does not exist
[2025-10-03T15:57:47.539+0000] {subprocess.py:93} INFO -   LINE 59: FROM "***"."public"."appointments_clean"
[2025-10-03T15:57:47.540+0000] {subprocess.py:93} INFO -                 ^
[2025-10-03T15:57:47.540+0000] {subprocess.py:93} INFO -   compiled code at target/run/knok_project/models/staging/stg_appointments.sql
[2025-10-03T15:57:47.541+0000] {subprocess.py:93} INFO - [0m15:57:47
[2025-10-03T15:57:47.541+0000] {subprocess.py:93} INFO - [0m15:57:47    compiled code at target/compiled/knok_project/models/staging/stg_appointments.sql
[2025-10-03T15:57:47.543+0000] {subprocess.py:93} INFO - [0m15:57:47
[2025-10-03T15:57:47.545+0000] {subprocess.py:93} INFO - [0m15:57:47  Done. PASS=0 WARN=0 ERROR=1 SKIP=0 NO-OP=0 TOTAL=1
[2025-10-03T15:57:47.547+0000] {subprocess.py:93} INFO - [0m15:57:47  [[33mWARNING[0m][DeprecationsSummary]: Deprecated functionality
[2025-10-03T15:57:47.548+0000] {subprocess.py:93} INFO - Summary of encountered deprecations:
[2025-10-03T15:57:47.548+0000] {subprocess.py:93} INFO - - ModelParamUsageDeprecation: 1 occurrence
[2025-10-03T15:57:47.549+0000] {subprocess.py:93} INFO - To see all deprecation instances instead of just the first occurrence of each,
[2025-10-03T15:57:47.549+0000] {subprocess.py:93} INFO - run command again with the `--show-all-deprecations` flag. You may also need to
[2025-10-03T15:57:47.550+0000] {subprocess.py:93} INFO - run with `--no-partial-parse` as some deprecations are only encountered during
[2025-10-03T15:57:47.551+0000] {subprocess.py:93} INFO - parsing.
[2025-10-03T15:57:48.508+0000] {subprocess.py:97} INFO - Command exited with return code 1
[2025-10-03T15:57:48.509+0000] {taskinstance.py:441} INFO - ::group::Post task execution logs
[2025-10-03T15:57:48.526+0000] {taskinstance.py:2905} ERROR - Task failed with exception
Traceback (most recent call last):
  File "/home/airflow/.local/lib/python3.12/site-packages/airflow/models/taskinstance.py", line 465, in _execute_task
    result = _execute_callable(context=context, **execute_callable_kwargs)
             ^^^^^^^^^^^^^^^^^^^^^^^^^^^^^^^^^^^^^^^^^^^^^^^^^^^^^^^^^^^^^
  File "/home/airflow/.local/lib/python3.12/site-packages/airflow/models/taskinstance.py", line 432, in _execute_callable
    return execute_callable(context=context, **execute_callable_kwargs)
           ^^^^^^^^^^^^^^^^^^^^^^^^^^^^^^^^^^^^^^^^^^^^^^^^^^^^^^^^^^^^
  File "/home/airflow/.local/lib/python3.12/site-packages/airflow/models/baseoperator.py", line 401, in wrapper
    return func(self, *args, **kwargs)
           ^^^^^^^^^^^^^^^^^^^^^^^^^^^
  File "/home/airflow/.local/lib/python3.12/site-packages/airflow/operators/bash.py", line 243, in execute
    raise AirflowException(
airflow.exceptions.AirflowException: Bash command failed. The command returned a non-zero exit code 1.
[2025-10-03T15:57:48.533+0000] {taskinstance.py:1206} INFO - Marking task as FAILED. dag_id=dbt_dag, task_id=dbt_run_staging, run_id=scheduled__2025-10-02T00:00:00+00:00, execution_date=20251002T000000, start_date=20251003T155737, end_date=20251003T155748
[2025-10-03T15:57:48.557+0000] {standard_task_runner.py:110} ERROR - Failed to execute job 60 for task dbt_run_staging (Bash command failed. The command returned a non-zero exit code 1.; 370)
[2025-10-03T15:57:48.610+0000] {local_task_job_runner.py:243} INFO - Task exited with return code 1
[2025-10-03T15:57:48.698+0000] {taskinstance.py:3503} INFO - 0 downstream tasks scheduled from follow-on schedule check
[2025-10-03T15:57:48.709+0000] {local_task_job_runner.py:222} INFO - ::endgroup::
